<?xml version="1.0" encoding="UTF-8"?>
<!-- Generated by org.testng.reporters.JUnitReportReporter -->
<testsuite skipped="0" hostname="DESKTOP-65OKV1R" name="testNGScripts.HomePageModule" tests="4" failures="0" timestamp="05 Jul 2022 04:39:49 GMT" time="211.621" errors="0">
  <testcase name="stockitems" time="35.090" classname="testNGScripts.HomePageModule"/>
  <testcase name="customerpage" time="32.273" classname="testNGScripts.HomePageModule"/>
  <testcase name="Stockcategory" time="62.221" classname="testNGScripts.HomePageModule"/>
  <testcase name="UnitofMeasurement" time="82.037" classname="testNGScripts.HomePageModule"/>
</testsuite> <!-- testNGScripts.HomePageModule -->
