<?xml version="1.0" encoding="UTF-8"?>
<!-- Generated by org.testng.reporters.JUnitReportReporter -->
<testsuite skipped="0" hostname="DESKTOP-65OKV1R" name="testNGScripts.StockItemModule" tests="3" failures="0" timestamp="24 Jun 2022 11:40:42 GMT" time="125.066" errors="0">
  <testcase name="CreateStockItem" time="40.072" classname="testNGScripts.StockItemModule"/>
  <testcase name="CreateStockcat" time="46.231" classname="testNGScripts.StockItemModule"/>
  <testcase name="CreateUOM" time="38.763" classname="testNGScripts.StockItemModule"/>
</testsuite> <!-- testNGScripts.StockItemModule -->
