<?xml version="1.0" encoding="UTF-8"?>
<!-- Generated by org.testng.reporters.JUnitReportReporter -->
<testsuite skipped="0" hostname="DESKTOP-65OKV1R" name="testNG.TestNG" tests="2" failures="0" timestamp="13 Jun 2022 07:01:56 GMT" time="0.020" errors="0">
  <testcase name="TestCase_2" time="0.008" classname="testNG.TestNG"/>
  <testcase name="TestCase_1" time="0.012" classname="testNG.TestNG"/>
</testsuite> <!-- testNG.TestNG -->
